2021-03-22 11:29:33 上午 [Thread: main][ Class:com.alibaba.druid.pool.DruidDataSource >> Method: com.alibaba.druid.pool.DruidDataSource.init(DruidDataSource.java:986) ]
INFO:{dataSource-1} inited
2021-03-22 11:29:34 上午 [Thread: main][ Class:org.apache.ibatis.logging.LogFactory >> Method: org.apache.ibatis.logging.LogFactory.setImplementation(LogFactory.java:105) ]
DEBUG:Logging initialized using 'class org.apache.ibatis.logging.log4j.Log4jImpl' adapter.
2021-03-22 11:29:37 上午 [Thread: main][ Class:org.mybatis.spring.SqlSessionUtils >> Method: org.mybatis.logging.Logger.debug(Logger.java:49) ]
DEBUG:Creating a new SqlSession
2021-03-22 11:29:37 上午 [Thread: main][ Class:org.mybatis.spring.SqlSessionUtils >> Method: org.mybatis.logging.Logger.debug(Logger.java:49) ]
DEBUG:Registering transaction synchronization for SqlSession [org.apache.ibatis.session.defaults.DefaultSqlSession@6f3f0fae]
2021-03-22 11:29:37 上午 [Thread: main][ Class:org.mybatis.spring.transaction.SpringManagedTransaction >> Method: org.mybatis.logging.Logger.debug(Logger.java:49) ]
DEBUG:JDBC Connection [com.mysql.cj.jdbc.ConnectionImpl@4eb30d44] will be managed by Spring
2021-03-22 11:29:37 上午 [Thread: main][ Class:com.xtf.dao.StudentMapper.select >> Method: org.apache.ibatis.logging.jdbc.BaseJdbcLogger.debug(BaseJdbcLogger.java:137) ]
DEBUG:==>  Preparing: select * from student
2021-03-22 11:29:37 上午 [Thread: main][ Class:com.xtf.dao.StudentMapper.select >> Method: org.apache.ibatis.logging.jdbc.BaseJdbcLogger.debug(BaseJdbcLogger.java:137) ]
DEBUG:==> Parameters: 
2021-03-22 11:29:37 上午 [Thread: main][ Class:com.xtf.dao.StudentMapper.select >> Method: org.apache.ibatis.logging.jdbc.BaseJdbcLogger.debug(BaseJdbcLogger.java:137) ]
DEBUG:<==      Total: 6
2021-03-22 11:29:37 上午 [Thread: main][ Class:org.mybatis.spring.SqlSessionUtils >> Method: org.mybatis.logging.Logger.debug(Logger.java:49) ]
DEBUG:Releasing transactional SqlSession [org.apache.ibatis.session.defaults.DefaultSqlSession@6f3f0fae]
2021-03-22 11:29:37 上午 [Thread: main][ Class:org.mybatis.spring.SqlSessionUtils >> Method: org.mybatis.logging.Logger.debug(Logger.java:49) ]
DEBUG:Transaction synchronization committing SqlSession [org.apache.ibatis.session.defaults.DefaultSqlSession@6f3f0fae]
2021-03-22 11:29:37 上午 [Thread: main][ Class:org.mybatis.spring.SqlSessionUtils >> Method: org.mybatis.logging.Logger.debug(Logger.java:49) ]
DEBUG:Transaction synchronization deregistering SqlSession [org.apache.ibatis.session.defaults.DefaultSqlSession@6f3f0fae]
2021-03-22 11:29:37 上午 [Thread: main][ Class:org.mybatis.spring.SqlSessionUtils >> Method: org.mybatis.logging.Logger.debug(Logger.java:49) ]
DEBUG:Transaction synchronization closing SqlSession [org.apache.ibatis.session.defaults.DefaultSqlSession@6f3f0fae]
