2021-03-17 09:27:26 上午 [Thread: main][ Class:com.alibaba.druid.pool.DruidDataSource >> Method: com.alibaba.druid.pool.DruidDataSource.init(DruidDataSource.java:986) ]
INFO:{dataSource-1} inited
2021-03-17 09:27:44 上午 [Thread: main][ Class:com.alibaba.druid.pool.DruidDataSource >> Method: com.alibaba.druid.pool.DruidDataSource.init(DruidDataSource.java:986) ]
INFO:{dataSource-1} inited
2021-03-17 09:28:04 上午 [Thread: main][ Class:com.alibaba.druid.pool.DruidDataSource >> Method: com.alibaba.druid.pool.DruidDataSource.init(DruidDataSource.java:986) ]
INFO:{dataSource-1} inited
2021-03-17 09:28:35 上午 [Thread: main][ Class:com.alibaba.druid.pool.DruidDataSource >> Method: com.alibaba.druid.pool.DruidDataSource.init(DruidDataSource.java:986) ]
INFO:{dataSource-1} inited
2021-03-17 09:29:36 上午 [Thread: main][ Class:com.alibaba.druid.pool.DruidDataSource >> Method: com.alibaba.druid.pool.DruidDataSource.init(DruidDataSource.java:986) ]
INFO:{dataSource-1} inited
2021-03-17 09:29:36 上午 [Thread: main][ Class:com.alibaba.druid.pool.DruidDataSource >> Method: com.alibaba.druid.pool.DruidDataSource.close(DruidDataSource.java:2039) ]
INFO:{dataSource-1} closing ...
2021-03-17 09:29:36 上午 [Thread: main][ Class:com.alibaba.druid.pool.DruidDataSource >> Method: com.alibaba.druid.pool.DruidDataSource.close(DruidDataSource.java:2111) ]
INFO:{dataSource-1} closed
2021-03-17 09:30:37 上午 [Thread: main][ Class:com.alibaba.druid.pool.DruidDataSource >> Method: com.alibaba.druid.pool.DruidDataSource.init(DruidDataSource.java:986) ]
INFO:{dataSource-1} inited
2021-03-17 09:30:37 上午 [Thread: main][ Class:com.alibaba.druid.pool.DruidDataSource >> Method: com.alibaba.druid.pool.DruidDataSource.close(DruidDataSource.java:2039) ]
INFO:{dataSource-1} closing ...
2021-03-17 09:30:37 上午 [Thread: main][ Class:com.alibaba.druid.pool.DruidDataSource >> Method: com.alibaba.druid.pool.DruidDataSource.close(DruidDataSource.java:2111) ]
INFO:{dataSource-1} closed
2021-03-17 09:31:09 上午 [Thread: main][ Class:com.alibaba.druid.pool.DruidDataSource >> Method: com.alibaba.druid.pool.DruidDataSource.init(DruidDataSource.java:986) ]
INFO:{dataSource-1} inited
2021-03-17 09:33:53 上午 [Thread: main][ Class:com.alibaba.druid.pool.DruidDataSource >> Method: com.alibaba.druid.pool.DruidDataSource.init(DruidDataSource.java:986) ]
INFO:{dataSource-1} inited
2021-03-17 16:17:51 下午 [Thread: main][ Class:com.alibaba.druid.pool.DruidDataSource >> Method: com.alibaba.druid.pool.DruidDataSource.init(DruidDataSource.java:986) ]
INFO:{dataSource-1} inited
2021-03-17 16:28:17 下午 [Thread: main][ Class:com.alibaba.druid.pool.DruidDataSource >> Method: com.alibaba.druid.pool.DruidDataSource.init(DruidDataSource.java:986) ]
INFO:{dataSource-1} inited
2021-03-17 16:29:30 下午 [Thread: main][ Class:com.alibaba.druid.pool.DruidDataSource >> Method: com.alibaba.druid.pool.DruidDataSource.init(DruidDataSource.java:986) ]
INFO:{dataSource-1} inited
2021-03-17 16:32:39 下午 [Thread: main][ Class:com.alibaba.druid.pool.DruidDataSource >> Method: com.alibaba.druid.pool.DruidDataSource.init(DruidDataSource.java:986) ]
INFO:{dataSource-1} inited
2021-03-17 16:37:13 下午 [Thread: main][ Class:com.alibaba.druid.pool.DruidDataSource >> Method: com.alibaba.druid.pool.DruidDataSource.init(DruidDataSource.java:986) ]
INFO:{dataSource-1} inited
2021-03-17 16:37:32 下午 [Thread: main][ Class:com.alibaba.druid.pool.DruidDataSource >> Method: com.alibaba.druid.pool.DruidDataSource.init(DruidDataSource.java:986) ]
INFO:{dataSource-1} inited
2021-03-17 16:48:48 下午 [Thread: main][ Class:com.alibaba.druid.pool.DruidDataSource >> Method: com.alibaba.druid.pool.DruidDataSource.init(DruidDataSource.java:986) ]
INFO:{dataSource-1} inited
2021-03-17 16:49:29 下午 [Thread: main][ Class:com.alibaba.druid.pool.DruidDataSource >> Method: com.alibaba.druid.pool.DruidDataSource.init(DruidDataSource.java:986) ]
INFO:{dataSource-1} inited
2021-03-17 16:58:33 下午 [Thread: main][ Class:com.alibaba.druid.pool.DruidDataSource >> Method: com.alibaba.druid.pool.DruidDataSource.init(DruidDataSource.java:986) ]
INFO:{dataSource-1} inited
